\BOOKMARK [0][]{ctitle.0}{\376\377\127\372\116\216\171\373\122\250\131\047\145\160\143\156\166\204\165\050\142\067\200\114\117\117\162\171\137\201\122\006\147\220}{}% 1
\BOOKMARK [0][]{section*.2}{\376\377\144\130\000\040\211\201}{}% 2
\BOOKMARK [0][]{section*.4}{\376\377\000A\000b\000s\000t\000r\000a\000c\000t}{}% 3
\BOOKMARK [0][]{section*.6}{\376\377\162\151\164\006\221\317\124\015\171\360\123\312\173\046\123\367\210\150}{}% 4
\BOOKMARK [0][]{ccontent.0}{\376\377\166\356\000\040\137\125}{}% 5
\BOOKMARK [0][]{chapter.1}{\376\377\173\054\0001\172\340\000\040\176\352\213\272}{}% 6
\BOOKMARK [1][-]{section.1.1}{\376\377\0001\000.\0001\000\040\170\024\172\166\213\376\230\230\166\204\147\145\156\220\060\001\200\314\146\157\124\214\141\017\116\111}{chapter.1}% 7
\BOOKMARK [1][-]{section.1.2}{\376\377\0001\000.\0002\000\040\126\375\121\205\131\026\116\016\213\376\230\230\166\370\121\163\170\024\172\166\230\206\127\337\166\204\170\024\172\166\217\333\134\125\123\312\142\020\147\234}{chapter.1}% 8
\BOOKMARK [2][-]{subsection.1.2.1}{\376\377\0001\000.\0002\000.\0001\000\040\131\047\145\160\143\156\123\312\121\166\166\370\121\163\164\006\213\272\124\214\136\224\165\050\166\204\123\321\134\125\151\202\121\265}{section.1.2}% 9
\BOOKMARK [2][-]{subsection.1.2.2}{\376\377\0001\000.\0002\000.\0002\000\040\142\113\147\072\117\341\116\344\145\160\143\156\116\016\200\114\117\117\162\171\122\006\147\220\166\204\166\370\121\163\164\006\213\272\124\214\123\321\134\125\151\202\121\265}{section.1.2}% 10
\BOOKMARK [2][-]{subsection.1.2.3}{\376\377\0001\000.\0002\000.\0003\000\040\127\316\136\002\122\237\200\375\123\072\116\016\165\050\142\067\210\114\116\072\166\356\166\204\124\214\200\114\117\117\162\171\137\201\122\006\147\220\170\024\172\166\217\333\134\125\123\312\142\020\147\234}{section.1.2}% 11
\BOOKMARK [2][-]{subsection.1.2.4}{\376\377\0001\000.\0002\000.\0004\000\040\131\047\145\160\143\156\116\013\166\204\200\114\117\117\172\172\225\364\200\132\174\173\173\227\154\325\166\204\122\006\147\220\124\214\145\071\217\333}{section.1.2}% 12
\BOOKMARK [2][-]{subsection.1.2.5}{\376\377\0001\000.\0002\000.\0005\000\040\127\372\116\216\142\113\147\072\117\341\116\344\166\204\165\050\142\067\162\171\137\201\165\073\120\317\122\006\147\220\166\370\121\163\170\024\172\166\217\333\134\125\123\312\142\020\147\234}{section.1.2}% 13
\BOOKMARK [2][-]{subsection.1.2.6}{\376\377\0001\000.\0002\000.\0006\000\040\133\130\127\050\166\204\116\015\215\263\142\026\147\011\137\205\155\361\121\145\170\024\172\166\166\204\225\356\230\230}{section.1.2}% 14
\BOOKMARK [1][-]{section.1.3}{\376\377\0001\000.\0003\000\040\147\054\213\376\230\230\166\204\116\073\211\201\170\024\172\166\121\205\133\271\151\202\217\360}{chapter.1}% 15
\BOOKMARK [2][-]{subsection.1.3.1}{\376\377\0001\000.\0003\000.\0001\000\040\145\160\143\156\122\006\147\220\116\016\123\357\165\050\140\047\122\044\145\255}{section.1.3}% 16
\BOOKMARK [2][-]{subsection.1.3.2}{\376\377\0001\000.\0003\000.\0002\000\040\131\047\145\160\143\156\116\013\000\040\000K\000-\000M\000e\000a\000n\000s\000\040\200\132\174\173\145\271\154\325\166\204\122\006\147\220\124\214\117\030\123\026}{section.1.3}% 17
\BOOKMARK [2][-]{subsection.1.3.3}{\376\377\0001\000.\0003\000.\0003\000\040\124\310\134\024\156\350\136\002\150\005\150\074\123\026\131\004\164\006\116\345\123\312\133\371\150\005\150\074\123\026\124\016\166\204\210\127\123\072\174\173\127\213\122\006\147\220}{section.1.3}% 18
\BOOKMARK [2][-]{subsection.1.3.4}{\376\377\0001\000.\0003\000.\0004\000\040\131\047\145\160\143\156\174\373\176\337\123\312\121\166\131\127\116\366\166\204\122\006\147\220\124\214\153\324\217\203}{section.1.3}% 19
\BOOKMARK [2][-]{subsection.1.3.5}{\376\377\0001\000.\0003\000.\0005\000\040\127\372\116\216\142\113\147\072\117\341\116\344\145\160\143\156\166\204\165\050\142\067\232\173\165\131\160\271\122\044\133\232}{section.1.3}% 20
\BOOKMARK [2][-]{subsection.1.3.6}{\376\377\0001\000.\0003\000.\0006\000\040\127\372\116\216\142\113\147\072\117\341\116\344\145\160\143\156\166\204\116\015\124\014\145\366\225\364\153\265\165\050\142\067\213\277\225\356\210\127\123\072\174\173\127\213\120\117\131\175}{section.1.3}% 21
\BOOKMARK [2][-]{subsection.1.3.7}{\376\377\0001\000.\0003\000.\0007\000\040\127\372\116\216\142\113\147\072\136\224\165\050\145\160\143\156\166\204\116\015\124\014\145\366\225\364\153\265\165\050\142\067\142\113\147\072\136\224\165\050\174\173\127\213\120\117\131\175}{section.1.3}% 22
\BOOKMARK [2][-]{subsection.1.3.8}{\376\377\0001\000.\0003\000.\0008\000\040\127\372\116\216\142\113\147\072\220\032\117\341\145\160\143\156\166\204\165\050\142\067\171\076\116\244\116\140\140\357\124\214\120\117\131\175\122\006\147\220}{section.1.3}% 23
\BOOKMARK [2][-]{subsection.1.3.9}{\376\377\0001\000.\0003\000.\0009\000\040\127\372\116\216\142\113\147\072\117\341\116\344\145\160\143\156\166\204\165\050\142\067\200\114\116\032\162\171\137\201\116\016\133\266\136\255\162\171\137\201\122\006\147\220}{section.1.3}% 24
\BOOKMARK [0][]{chapter.2}{\376\377\173\054\0002\172\340\000\040\123\237\131\313\145\160\143\156\176\337\213\241\140\047\143\317\217\360\060\001\123\357\165\050\140\047\122\006\147\220\124\214\121\227\117\131\116\016\225\031\213\357\156\005\164\006}{}% 25
\BOOKMARK [1][-]{section.2.1}{\376\377\0002\000.\0001\000\040\123\237\145\160\145\160\143\156\122\006\147\220\116\016\176\337\213\241\140\047\143\317\217\360}{chapter.2}% 26
\BOOKMARK [2][-]{subsection.2.1.1}{\376\377\0002\000.\0001\000.\0001\000\040\165\050\142\067\116\016\127\372\172\331\217\336\143\245\213\260\137\125\145\160\143\156\122\006\147\220}{section.2.1}% 27
\BOOKMARK [2][-]{subsection.2.1.2}{\376\377\0002\000.\0001\000.\0002\000\040\127\372\172\331\127\372\147\054\117\341\140\157\210\150\122\006\147\220\116\016\143\317\217\360\140\047\176\337\213\241}{section.2.1}% 28
\BOOKMARK [1][-]{section.2.2}{\376\377\0002\000.\0002\000\040\124\310\134\024\156\350\136\002\000\040\000P\000O\000I\000\040\121\164\215\243\160\271\162\054\123\326\060\001\131\004\164\006\124\214\143\317\217\360\122\006\147\220}{chapter.2}% 29
\BOOKMARK [1][-]{section.2.3}{\376\377\0002\000.\0003\000\040\165\050\142\067\142\113\147\072\136\224\165\050\117\177\165\050\155\101\221\317\213\260\137\125\210\150\122\006\147\220}{chapter.2}% 30
\BOOKMARK [1][-]{section.2.4}{\376\377\0002\000.\0004\000\040\165\050\142\067\220\032\213\335\124\214\167\355\117\341\117\177\165\050\213\260\137\125\145\160\143\156\210\150\122\006\147\220}{chapter.2}% 31
\BOOKMARK [1][-]{section.2.5}{\376\377\0002\000.\0005\000\040\147\054\172\340\134\017\176\323}{chapter.2}% 32
\BOOKMARK [0][]{chapter.3}{\376\377\173\054\0003\172\340\000\040\124\310\134\024\156\350\136\002\127\316\123\072\000\040\000P\000O\000I\000\040\121\164\215\243\160\271\145\160\143\156\203\267\122\006\147\220\124\214\150\005\150\074\123\026\210\127\123\072\200\132\174\173\122\006\147\220}{}% 33
\BOOKMARK [1][-]{section.3.1}{\376\377\0003\000.\0001\000\040\124\310\134\024\156\350\136\002\127\316\123\072\000\040\000P\000O\000I\000\040\121\164\215\243\160\271\145\160\143\156\121\167\117\123\122\006\147\220}{chapter.3}% 34
\BOOKMARK [1][-]{section.3.2}{\376\377\0003\000.\0002\000\040\127\372\116\216\215\357\177\121\124\214\150\005\150\074\123\026\166\204\122\237\200\375\123\072\200\132\174\173\122\006\147\220\152\041\127\213\133\371\153\324}{chapter.3}% 35
\BOOKMARK [1][-]{section.3.3}{\376\377\0003\000.\0003\000\040\122\237\200\375\123\072\166\204\150\005\150\074\123\026\123\302\145\160\166\204\122\006\147\220\124\214\133\371\153\324}{chapter.3}% 36
\BOOKMARK [1][-]{section.3.4}{\376\377\0003\000.\0004\000\040\147\054\172\340\134\017\176\323}{chapter.3}% 37
\BOOKMARK [0][]{chapter.4}{\376\377\173\054\0004\172\340\000\040\131\047\145\160\143\156\230\206\127\337\116\013\200\132\174\173\145\271\154\325\166\204\133\371\153\324\124\214\127\050\124\310\134\024\156\350\127\316\136\002\122\237\200\375\123\072\166\204\200\132\174\173\176\323\147\234\122\006\147\220}{}% 38
\BOOKMARK [1][-]{section.4.1}{\376\377\0004\000.\0001\000\040\000D\000B\000S\000C\000A\000N\000\040\200\132\174\173\173\227\154\325\151\202\217\360\124\214\122\006\147\220}{chapter.4}% 39
\BOOKMARK [1][-]{section.4.2}{\376\377\0004\000.\0002\000\040\000K\000-\000M\000e\000a\000n\000s\000\040\200\132\174\173\173\227\154\325\151\202\217\360}{chapter.4}% 40
\BOOKMARK [1][-]{section.4.3}{\376\377\0004\000.\0003\000\040\000K\000-\000M\000e\000a\000n\000s\000\040\122\035\131\313\215\050\137\303\220\011\142\351\117\030\123\026\000\040\000K\000-\000M\000e\000a\000n\000s\000+\000+\000\040\173\227\154\325}{chapter.4}% 41
\BOOKMARK [1][-]{section.4.4}{\376\377\0004\000.\0004\000\040\131\047\150\067\147\054\117\030\123\026\000\040\000M\000i\000n\000i\000\040\000B\000a\000t\000c\000h\000\040\000K\000-\000M\000e\000a\000n\000s\000\040\173\227\154\325}{chapter.4}% 42
\BOOKMARK [1][-]{section.4.5}{\376\377\0004\000.\0005\000\040\124\310\134\024\156\350\136\002\122\237\200\375\123\072\200\132\174\173\176\323\147\234\122\006\147\220\124\214\134\125\171\072}{chapter.4}% 43
\BOOKMARK [1][-]{section.4.6}{\376\377\0004\000.\0006\000\040\147\054\172\340\134\017\176\323}{chapter.4}% 44
\BOOKMARK [0][]{chapter.5}{\376\377\173\054\0005\172\340\000\040\131\047\145\160\143\156\174\373\176\337\116\015\124\014\213\241\173\227\150\106\147\266\166\204\122\006\147\220\116\016\133\371\153\324}{}% 45
\BOOKMARK [0][]{chapter.6}{\376\377\173\054\0006\172\340\000\040\127\372\116\216\142\113\147\072\117\341\116\344\145\160\143\156\166\204\165\050\142\067\232\173\165\131\160\271\060\001\142\113\147\072\136\224\165\050\120\117\131\175\116\345\123\312\171\076\116\244\127\060\117\115\122\006\147\220}{}% 46
\BOOKMARK [0][]{chapter.7}{\376\377\173\054\0007\172\340\000\040\127\372\116\216\232\173\165\131\160\271\060\001\136\224\165\050\120\117\131\175\124\214\171\076\116\244\127\060\117\115\122\006\147\220\176\323\147\234\166\204\165\050\142\067\200\114\117\117\162\171\137\201\122\006\147\220}{}% 47
\BOOKMARK [0][]{section*.17}{\376\377\176\323\000\040\213\272}{}% 48
\BOOKMARK [0][]{section*.20}{\376\377\123\302\200\003\145\207\163\056}{}% 49
\BOOKMARK [0][]{section*.22}{\376\377\124\310\134\024\156\350\135\345\116\032\131\047\133\146\147\054\171\321\153\325\116\032\213\276\213\241\377\010\213\272\145\207\377\011\123\237\122\033\140\047\130\360\146\016}{}% 50
\BOOKMARK [0][]{section*.24}{\376\377\201\364\000\040\214\042}{}% 51
\BOOKMARK [0][]{appendix.A}{\376\377\226\104\137\125\000\040\0001\000\040\131\026\145\207\215\104\145\231\123\237\145\207}{}% 52
\BOOKMARK [1][-]{section.A.1}{\376\377\0001\000.\0001\000\040\000S\000i\000n\000g\000l\000e\000-\000O\000b\000j\000e\000c\000t\000i\000v\000e\000\040\000P\000r\000o\000g\000r\000a\000m\000m\000i\000n\000g}{appendix.A}% 53
\BOOKMARK [2][-]{subsection.A.1.1}{\376\377\0001\000.\0001\000.\0001\000\040\000L\000i\000n\000e\000a\000r\000\040\000P\000r\000o\000g\000r\000a\000m\000m\000i\000n\000g}{section.A.1}% 54
\BOOKMARK [2][-]{subsection.A.1.2}{\376\377\0001\000.\0001\000.\0002\000\040\000N\000o\000n\000l\000i\000n\000e\000a\000r\000\040\000P\000r\000o\000g\000r\000a\000m\000m\000i\000n\000g}{section.A.1}% 55
\BOOKMARK [2][-]{subsection.A.1.3}{\376\377\0001\000.\0001\000.\0003\000\040\000I\000n\000t\000e\000g\000e\000r\000\040\000P\000r\000o\000g\000r\000a\000m\000m\000i\000n\000g}{section.A.1}% 56
\BOOKMARK [0][]{appendix.B}{\376\377\226\104\137\125\000\040\0002\000\040\131\026\145\207\215\104\145\231\166\204\214\003\170\024\226\005\213\373\142\245\124\112\142\026\116\146\227\142\177\373\213\321}{}% 57
\BOOKMARK [1][-]{section.B.1}{\376\377\0002\000.\0001\000\040\123\125\166\356\150\007\211\304\122\022}{appendix.B}% 58
\BOOKMARK [2][-]{subsection.B.1.1}{\376\377\0002\000.\0001\000.\0001\000\040\176\277\140\047\211\304\122\022}{section.B.1}% 59
\BOOKMARK [2][-]{subsection.B.1.2}{\376\377\0002\000.\0001\000.\0002\000\040\227\136\176\277\140\047\211\304\122\022}{section.B.1}% 60
\BOOKMARK [2][-]{subsection.B.1.3}{\376\377\0002\000.\0001\000.\0003\000\040\145\164\145\160\211\304\122\022}{section.B.1}% 61
\BOOKMARK [0][]{appendix.C}{\376\377\226\104\137\125\000\040\0003\000\040\121\166\133\203\226\104\137\125}{}% 62
